11:03:11.627 [main] INFO  com.workflow.form.center.FormCenterApplication - Starting FormCenterApplication using Java 1.8.0_251 on LAPTOP-VESM13MU with PID 26500 (D:\work\form-center\target\classes started by 土豆仙人 in D:\work\form-center)
11:03:11.643 [main] INFO  com.workflow.form.center.FormCenterApplication - The following profiles are active: dev
11:03:14.188 [main] INFO  org.apache.coyote.http11.Http11NioProtocol - Initializing ProtocolHandler ["http-nio-7066"]
11:03:14.189 [main] INFO  org.apache.catalina.core.StandardService - Starting service [Tomcat]
11:03:14.189 [main] INFO  org.apache.catalina.core.StandardEngine - Starting Servlet engine: [Apache Tomcat/9.0.50]
11:03:14.377 [main] INFO  org.apache.catalina.core.ContainerBase.[Tomcat].[localhost].[/] - Initializing Spring embedded WebApplicationContext
11:03:14.522 [main] INFO  org.apache.catalina.core.StandardService - Stopping service [Tomcat]
11:03:44.310 [main] INFO  com.workflow.form.center.FormCenterApplication - Starting FormCenterApplication using Java 1.8.0_251 on LAPTOP-VESM13MU with PID 9840 (D:\work\form-center\target\classes started by 土豆仙人 in D:\work\form-center)
11:03:44.326 [main] INFO  com.workflow.form.center.FormCenterApplication - The following profiles are active: dev
11:03:46.593 [main] INFO  org.apache.coyote.http11.Http11NioProtocol - Initializing ProtocolHandler ["http-nio-7066"]
11:03:46.594 [main] INFO  org.apache.catalina.core.StandardService - Starting service [Tomcat]
11:03:46.594 [main] INFO  org.apache.catalina.core.StandardEngine - Starting Servlet engine: [Apache Tomcat/9.0.50]
11:03:46.845 [main] INFO  org.apache.catalina.core.ContainerBase.[Tomcat].[localhost].[/] - Initializing Spring embedded WebApplicationContext
11:03:46.995 [main] INFO  org.apache.catalina.core.StandardService - Stopping service [Tomcat]
11:04:47.460 [main] INFO  com.workflow.form.center.FormCenterApplication - Starting FormCenterApplication using Java 1.8.0_251 on LAPTOP-VESM13MU with PID 22892 (D:\work\form-center\target\classes started by 土豆仙人 in D:\work\form-center)
11:04:47.472 [main] INFO  com.workflow.form.center.FormCenterApplication - The following profiles are active: dev
11:04:49.456 [main] INFO  org.apache.coyote.http11.Http11NioProtocol - Initializing ProtocolHandler ["http-nio-7066"]
11:04:49.457 [main] INFO  org.apache.catalina.core.StandardService - Starting service [Tomcat]
11:04:49.457 [main] INFO  org.apache.catalina.core.StandardEngine - Starting Servlet engine: [Apache Tomcat/9.0.50]
11:04:49.683 [main] INFO  org.apache.catalina.core.ContainerBase.[Tomcat].[localhost].[/] - Initializing Spring embedded WebApplicationContext
11:04:49.931 [main] INFO  com.alibaba.druid.spring.boot.autoconfigure.DruidDataSourceAutoConfigure - Init DruidDataSource
11:04:50.121 [main] ERROR com.alibaba.druid.pool.DruidDataSource - init datasource error, url: jdbc:p6spy:mysql://localhost:3306/form_center?serverTimezone=CTT&useUnicode=true&characterEncoding=utf-8&allowMultiQueries=true&useSSL=true&nullCatalogMeansCurrent=true
java.sql.SQLException: Unable to find a driver that accepts jdbc:mysql://localhost:3306/form_center?serverTimezone=CTT&useUnicode=true&characterEncoding=utf-8&allowMultiQueries=true&useSSL=true&nullCatalogMeansCurrent=true
	at com.p6spy.engine.spy.P6SpyDriver.findPassthru(P6SpyDriver.java:131) ~[p6spy-3.8.0.jar:?]
	at com.p6spy.engine.spy.P6SpyDriver.connect(P6SpyDriver.java:87) ~[p6spy-3.8.0.jar:?]
	at com.alibaba.druid.filter.FilterChainImpl.connection_connect(FilterChainImpl.java:156) ~[druid-1.2.6.jar:1.2.6]
	at com.alibaba.druid.filter.stat.StatFilter.connection_connect(StatFilter.java:227) ~[druid-1.2.6.jar:1.2.6]
	at com.alibaba.druid.filter.FilterChainImpl.connection_connect(FilterChainImpl.java:150) ~[druid-1.2.6.jar:1.2.6]
	at com.alibaba.druid.pool.DruidAbstractDataSource.createPhysicalConnection(DruidAbstractDataSource.java:1659) ~[druid-1.2.6.jar:1.2.6]
	at com.alibaba.druid.pool.DruidAbstractDataSource.createPhysicalConnection(DruidAbstractDataSource.java:1723) ~[druid-1.2.6.jar:1.2.6]
	at com.alibaba.druid.pool.DruidDataSource.init(DruidDataSource.java:919) ~[druid-1.2.6.jar:1.2.6]
	at sun.reflect.NativeMethodAccessorImpl.invoke0(Native Method) ~[?:1.8.0_251]
	at sun.reflect.NativeMethodAccessorImpl.invoke(NativeMethodAccessorImpl.java:62) ~[?:1.8.0_251]
	at sun.reflect.DelegatingMethodAccessorImpl.invoke(DelegatingMethodAccessorImpl.java:43) ~[?:1.8.0_251]
	at java.lang.reflect.Method.invoke(Method.java:498) ~[?:1.8.0_251]
	at org.springframework.beans.factory.support.AbstractAutowireCapableBeanFactory.invokeCustomInitMethod(AbstractAutowireCapableBeanFactory.java:1912) ~[spring-beans-5.3.9.jar:5.3.9]
	at org.springframework.beans.factory.support.AbstractAutowireCapableBeanFactory.invokeInitMethods(AbstractAutowireCapableBeanFactory.java:1854) ~[spring-beans-5.3.9.jar:5.3.9]
	at org.springframework.beans.factory.support.AbstractAutowireCapableBeanFactory.initializeBean(AbstractAutowireCapableBeanFactory.java:1782) ~[spring-beans-5.3.9.jar:5.3.9]
	at org.springframework.beans.factory.support.AbstractAutowireCapableBeanFactory.doCreateBean(AbstractAutowireCapableBeanFactory.java:602) ~[spring-beans-5.3.9.jar:5.3.9]
	at org.springframework.beans.factory.support.AbstractAutowireCapableBeanFactory.createBean(AbstractAutowireCapableBeanFactory.java:524) ~[spring-beans-5.3.9.jar:5.3.9]
	at org.springframework.beans.factory.support.AbstractBeanFactory.lambda$doGetBean$0(AbstractBeanFactory.java:335) ~[spring-beans-5.3.9.jar:5.3.9]
	at org.springframework.beans.factory.support.DefaultSingletonBeanRegistry.getSingleton(DefaultSingletonBeanRegistry.java:234) ~[spring-beans-5.3.9.jar:5.3.9]
	at org.springframework.beans.factory.support.AbstractBeanFactory.doGetBean(AbstractBeanFactory.java:333) ~[spring-beans-5.3.9.jar:5.3.9]
	at org.springframework.beans.factory.support.AbstractBeanFactory.getBean(AbstractBeanFactory.java:208) ~[spring-beans-5.3.9.jar:5.3.9]
	at org.springframework.beans.factory.config.DependencyDescriptor.resolveCandidate(DependencyDescriptor.java:276) ~[spring-beans-5.3.9.jar:5.3.9]
	at org.springframework.beans.factory.support.DefaultListableBeanFactory.doResolveDependency(DefaultListableBeanFactory.java:1380) ~[spring-beans-5.3.9.jar:5.3.9]
	at org.springframework.beans.factory.support.DefaultListableBeanFactory.resolveDependency(DefaultListableBeanFactory.java:1300) ~[spring-beans-5.3.9.jar:5.3.9]
	at org.springframework.beans.factory.support.ConstructorResolver.resolveAutowiredArgument(ConstructorResolver.java:887) ~[spring-beans-5.3.9.jar:5.3.9]
	at org.springframework.beans.factory.support.ConstructorResolver.createArgumentArray(ConstructorResolver.java:791) ~[spring-beans-5.3.9.jar:5.3.9]
	at org.springframework.beans.factory.support.ConstructorResolver.instantiateUsingFactoryMethod(ConstructorResolver.java:541) ~[spring-beans-5.3.9.jar:5.3.9]
	at org.springframework.beans.factory.support.AbstractAutowireCapableBeanFactory.instantiateUsingFactoryMethod(AbstractAutowireCapableBeanFactory.java:1334) ~[spring-beans-5.3.9.jar:5.3.9]
	at org.springframework.beans.factory.support.AbstractAutowireCapableBeanFactory.createBeanInstance(AbstractAutowireCapableBeanFactory.java:1177) ~[spring-beans-5.3.9.jar:5.3.9]
	at org.springframework.beans.factory.support.AbstractAutowireCapableBeanFactory.doCreateBean(AbstractAutowireCapableBeanFactory.java:564) ~[spring-beans-5.3.9.jar:5.3.9]
	at org.springframework.beans.factory.support.AbstractAutowireCapableBeanFactory.createBean(AbstractAutowireCapableBeanFactory.java:524) ~[spring-beans-5.3.9.jar:5.3.9]
	at org.springframework.beans.factory.support.AbstractBeanFactory.lambda$doGetBean$0(AbstractBeanFactory.java:335) ~[spring-beans-5.3.9.jar:5.3.9]
	at org.springframework.beans.factory.support.DefaultSingletonBeanRegistry.getSingleton(DefaultSingletonBeanRegistry.java:234) ~[spring-beans-5.3.9.jar:5.3.9]
	at org.springframework.beans.factory.support.AbstractBeanFactory.doGetBean(AbstractBeanFactory.java:333) ~[spring-beans-5.3.9.jar:5.3.9]
	at org.springframework.beans.factory.support.AbstractBeanFactory.getBean(AbstractBeanFactory.java:208) ~[spring-beans-5.3.9.jar:5.3.9]
	at org.springframework.beans.factory.config.DependencyDescriptor.resolveCandidate(DependencyDescriptor.java:276) ~[spring-beans-5.3.9.jar:5.3.9]
	at org.springframework.beans.factory.support.DefaultListableBeanFactory.doResolveDependency(DefaultListableBeanFactory.java:1380) ~[spring-beans-5.3.9.jar:5.3.9]
	at org.springframework.beans.factory.support.DefaultListableBeanFactory.resolveDependency(DefaultListableBeanFactory.java:1300) ~[spring-beans-5.3.9.jar:5.3.9]
	at org.springframework.beans.factory.support.AbstractAutowireCapableBeanFactory.autowireByType(AbstractAutowireCapableBeanFactory.java:1501) ~[spring-beans-5.3.9.jar:5.3.9]
	at org.springframework.beans.factory.support.AbstractAutowireCapableBeanFactory.populateBean(AbstractAutowireCapableBeanFactory.java:1399) ~[spring-beans-5.3.9.jar:5.3.9]
	at org.springframework.beans.factory.support.AbstractAutowireCapableBeanFactory.doCreateBean(AbstractAutowireCapableBeanFactory.java:601) ~[spring-beans-5.3.9.jar:5.3.9]
	at org.springframework.beans.factory.support.AbstractAutowireCapableBeanFactory.createBean(AbstractAutowireCapableBeanFactory.java:524) ~[spring-beans-5.3.9.jar:5.3.9]
	at org.springframework.beans.factory.support.AbstractBeanFactory.lambda$doGetBean$0(AbstractBeanFactory.java:335) ~[spring-beans-5.3.9.jar:5.3.9]
	at org.springframework.beans.factory.support.DefaultSingletonBeanRegistry.getSingleton(DefaultSingletonBeanRegistry.java:234) ~[spring-beans-5.3.9.jar:5.3.9]
	at org.springframework.beans.factory.support.AbstractBeanFactory.doGetBean(AbstractBeanFactory.java:333) ~[spring-beans-5.3.9.jar:5.3.9]
	at org.springframework.beans.factory.support.AbstractBeanFactory.getBean(AbstractBeanFactory.java:208) ~[spring-beans-5.3.9.jar:5.3.9]
	at org.springframework.beans.factory.config.DependencyDescriptor.resolveCandidate(DependencyDescriptor.java:276) ~[spring-beans-5.3.9.jar:5.3.9]
	at org.springframework.beans.factory.support.DefaultListableBeanFactory.doResolveDependency(DefaultListableBeanFactory.java:1380) ~[spring-beans-5.3.9.jar:5.3.9]
	at org.springframework.beans.factory.support.DefaultListableBeanFactory.resolveDependency(DefaultListableBeanFactory.java:1300) ~[spring-beans-5.3.9.jar:5.3.9]
	at org.springframework.beans.factory.annotation.AutowiredAnnotationBeanPostProcessor$AutowiredFieldElement.resolveFieldValue(AutowiredAnnotationBeanPostProcessor.java:657) ~[spring-beans-5.3.9.jar:5.3.9]
	at org.springframework.beans.factory.annotation.AutowiredAnnotationBeanPostProcessor$AutowiredFieldElement.inject(AutowiredAnnotationBeanPostProcessor.java:640) ~[spring-beans-5.3.9.jar:5.3.9]
	at org.springframework.beans.factory.annotation.InjectionMetadata.inject(InjectionMetadata.java:119) ~[spring-beans-5.3.9.jar:5.3.9]
	at org.springframework.beans.factory.annotation.AutowiredAnnotationBeanPostProcessor.postProcessProperties(AutowiredAnnotationBeanPostProcessor.java:399) ~[spring-beans-5.3.9.jar:5.3.9]
	at org.springframework.beans.factory.support.AbstractAutowireCapableBeanFactory.populateBean(AbstractAutowireCapableBeanFactory.java:1413) ~[spring-beans-5.3.9.jar:5.3.9]
	at org.springframework.beans.factory.support.AbstractAutowireCapableBeanFactory.doCreateBean(AbstractAutowireCapableBeanFactory.java:601) ~[spring-beans-5.3.9.jar:5.3.9]
	at org.springframework.beans.factory.support.AbstractAutowireCapableBeanFactory.createBean(AbstractAutowireCapableBeanFactory.java:524) ~[spring-beans-5.3.9.jar:5.3.9]
	at org.springframework.beans.factory.support.AbstractBeanFactory.lambda$doGetBean$0(AbstractBeanFactory.java:335) ~[spring-beans-5.3.9.jar:5.3.9]
	at org.springframework.beans.factory.support.DefaultSingletonBeanRegistry.getSingleton(DefaultSingletonBeanRegistry.java:234) ~[spring-beans-5.3.9.jar:5.3.9]
	at org.springframework.beans.factory.support.AbstractBeanFactory.doGetBean(AbstractBeanFactory.java:333) ~[spring-beans-5.3.9.jar:5.3.9]
	at org.springframework.beans.factory.support.AbstractBeanFactory.getBean(AbstractBeanFactory.java:208) ~[spring-beans-5.3.9.jar:5.3.9]
	at org.springframework.beans.factory.config.DependencyDescriptor.resolveCandidate(DependencyDescriptor.java:276) ~[spring-beans-5.3.9.jar:5.3.9]
	at org.springframework.beans.factory.support.DefaultListableBeanFactory.doResolveDependency(DefaultListableBeanFactory.java:1380) ~[spring-beans-5.3.9.jar:5.3.9]
	at org.springframework.beans.factory.support.DefaultListableBeanFactory.resolveDependency(DefaultListableBeanFactory.java:1300) ~[spring-beans-5.3.9.jar:5.3.9]
	at org.springframework.beans.factory.annotation.AutowiredAnnotationBeanPostProcessor$AutowiredFieldElement.resolveFieldValue(AutowiredAnnotationBeanPostProcessor.java:657) ~[spring-beans-5.3.9.jar:5.3.9]
	at org.springframework.beans.factory.annotation.AutowiredAnnotationBeanPostProcessor$AutowiredFieldElement.inject(AutowiredAnnotationBeanPostProcessor.java:640) ~[spring-beans-5.3.9.jar:5.3.9]
	at org.springframework.beans.factory.annotation.InjectionMetadata.inject(InjectionMetadata.java:119) ~[spring-beans-5.3.9.jar:5.3.9]
	at org.springframework.beans.factory.annotation.AutowiredAnnotationBeanPostProcessor.postProcessProperties(AutowiredAnnotationBeanPostProcessor.java:399) ~[spring-beans-5.3.9.jar:5.3.9]
	at org.springframework.beans.factory.support.AbstractAutowireCapableBeanFactory.populateBean(AbstractAutowireCapableBeanFactory.java:1413) ~[spring-beans-5.3.9.jar:5.3.9]
	at org.springframework.beans.factory.support.AbstractAutowireCapableBeanFactory.doCreateBean(AbstractAutowireCapableBeanFactory.java:601) ~[spring-beans-5.3.9.jar:5.3.9]
	at org.springframework.beans.factory.support.AbstractAutowireCapableBeanFactory.createBean(AbstractAutowireCapableBeanFactory.java:524) ~[spring-beans-5.3.9.jar:5.3.9]
	at org.springframework.beans.factory.support.AbstractBeanFactory.lambda$doGetBean$0(AbstractBeanFactory.java:335) ~[spring-beans-5.3.9.jar:5.3.9]
	at org.springframework.beans.factory.support.DefaultSingletonBeanRegistry.getSingleton(DefaultSingletonBeanRegistry.java:234) [spring-beans-5.3.9.jar:5.3.9]
	at org.springframework.beans.factory.support.AbstractBeanFactory.doGetBean(AbstractBeanFactory.java:333) [spring-beans-5.3.9.jar:5.3.9]
	at org.springframework.beans.factory.support.AbstractBeanFactory.getBean(AbstractBeanFactory.java:208) [spring-beans-5.3.9.jar:5.3.9]
	at org.springframework.beans.factory.support.DefaultListableBeanFactory.preInstantiateSingletons(DefaultListableBeanFactory.java:944) [spring-beans-5.3.9.jar:5.3.9]
	at org.springframework.context.support.AbstractApplicationContext.finishBeanFactoryInitialization(AbstractApplicationContext.java:918) [spring-context-5.3.9.jar:5.3.9]
	at org.springframework.context.support.AbstractApplicationContext.refresh(AbstractApplicationContext.java:583) [spring-context-5.3.9.jar:5.3.9]
	at org.springframework.boot.web.servlet.context.ServletWebServerApplicationContext.refresh(ServletWebServerApplicationContext.java:145) [spring-boot-2.5.3.jar:2.5.3]
	at org.springframework.boot.SpringApplication.refresh(SpringApplication.java:754) [spring-boot-2.5.3.jar:2.5.3]
	at org.springframework.boot.SpringApplication.refreshContext(SpringApplication.java:434) [spring-boot-2.5.3.jar:2.5.3]
	at org.springframework.boot.SpringApplication.run(SpringApplication.java:338) [spring-boot-2.5.3.jar:2.5.3]
	at org.springframework.boot.SpringApplication.run(SpringApplication.java:1343) [spring-boot-2.5.3.jar:2.5.3]
	at org.springframework.boot.SpringApplication.run(SpringApplication.java:1332) [spring-boot-2.5.3.jar:2.5.3]
	at com.workflow.form.center.FormCenterApplication.main(FormCenterApplication.java:12) [classes/:?]
11:04:50.131 [main] ERROR com.alibaba.druid.pool.DruidDataSource - {dataSource-1} init error
java.sql.SQLException: Unable to find a driver that accepts jdbc:mysql://localhost:3306/form_center?serverTimezone=CTT&useUnicode=true&characterEncoding=utf-8&allowMultiQueries=true&useSSL=true&nullCatalogMeansCurrent=true
	at com.p6spy.engine.spy.P6SpyDriver.findPassthru(P6SpyDriver.java:131) ~[p6spy-3.8.0.jar:?]
	at com.p6spy.engine.spy.P6SpyDriver.connect(P6SpyDriver.java:87) ~[p6spy-3.8.0.jar:?]
	at com.alibaba.druid.filter.FilterChainImpl.connection_connect(FilterChainImpl.java:156) ~[druid-1.2.6.jar:1.2.6]
	at com.alibaba.druid.filter.stat.StatFilter.connection_connect(StatFilter.java:227) ~[druid-1.2.6.jar:1.2.6]
	at com.alibaba.druid.filter.FilterChainImpl.connection_connect(FilterChainImpl.java:150) ~[druid-1.2.6.jar:1.2.6]
	at com.alibaba.druid.pool.DruidAbstractDataSource.createPhysicalConnection(DruidAbstractDataSource.java:1659) ~[druid-1.2.6.jar:1.2.6]
	at com.alibaba.druid.pool.DruidAbstractDataSource.createPhysicalConnection(DruidAbstractDataSource.java:1723) ~[druid-1.2.6.jar:1.2.6]
	at com.alibaba.druid.pool.DruidDataSource.init(DruidDataSource.java:919) ~[druid-1.2.6.jar:1.2.6]
	at sun.reflect.NativeMethodAccessorImpl.invoke0(Native Method) ~[?:1.8.0_251]
	at sun.reflect.NativeMethodAccessorImpl.invoke(NativeMethodAccessorImpl.java:62) ~[?:1.8.0_251]
	at sun.reflect.DelegatingMethodAccessorImpl.invoke(DelegatingMethodAccessorImpl.java:43) ~[?:1.8.0_251]
	at java.lang.reflect.Method.invoke(Method.java:498) ~[?:1.8.0_251]
	at org.springframework.beans.factory.support.AbstractAutowireCapableBeanFactory.invokeCustomInitMethod(AbstractAutowireCapableBeanFactory.java:1912) ~[spring-beans-5.3.9.jar:5.3.9]
	at org.springframework.beans.factory.support.AbstractAutowireCapableBeanFactory.invokeInitMethods(AbstractAutowireCapableBeanFactory.java:1854) ~[spring-beans-5.3.9.jar:5.3.9]
	at org.springframework.beans.factory.support.AbstractAutowireCapableBeanFactory.initializeBean(AbstractAutowireCapableBeanFactory.java:1782) ~[spring-beans-5.3.9.jar:5.3.9]
	at org.springframework.beans.factory.support.AbstractAutowireCapableBeanFactory.doCreateBean(AbstractAutowireCapableBeanFactory.java:602) ~[spring-beans-5.3.9.jar:5.3.9]
	at org.springframework.beans.factory.support.AbstractAutowireCapableBeanFactory.createBean(AbstractAutowireCapableBeanFactory.java:524) ~[spring-beans-5.3.9.jar:5.3.9]
	at org.springframework.beans.factory.support.AbstractBeanFactory.lambda$doGetBean$0(AbstractBeanFactory.java:335) ~[spring-beans-5.3.9.jar:5.3.9]
	at org.springframework.beans.factory.support.DefaultSingletonBeanRegistry.getSingleton(DefaultSingletonBeanRegistry.java:234) ~[spring-beans-5.3.9.jar:5.3.9]
	at org.springframework.beans.factory.support.AbstractBeanFactory.doGetBean(AbstractBeanFactory.java:333) ~[spring-beans-5.3.9.jar:5.3.9]
	at org.springframework.beans.factory.support.AbstractBeanFactory.getBean(AbstractBeanFactory.java:208) ~[spring-beans-5.3.9.jar:5.3.9]
	at org.springframework.beans.factory.config.DependencyDescriptor.resolveCandidate(DependencyDescriptor.java:276) ~[spring-beans-5.3.9.jar:5.3.9]
	at org.springframework.beans.factory.support.DefaultListableBeanFactory.doResolveDependency(DefaultListableBeanFactory.java:1380) ~[spring-beans-5.3.9.jar:5.3.9]
	at org.springframework.beans.factory.support.DefaultListableBeanFactory.resolveDependency(DefaultListableBeanFactory.java:1300) ~[spring-beans-5.3.9.jar:5.3.9]
	at org.springframework.beans.factory.support.ConstructorResolver.resolveAutowiredArgument(ConstructorResolver.java:887) ~[spring-beans-5.3.9.jar:5.3.9]
	at org.springframework.beans.factory.support.ConstructorResolver.createArgumentArray(ConstructorResolver.java:791) ~[spring-beans-5.3.9.jar:5.3.9]
	at org.springframework.beans.factory.support.ConstructorResolver.instantiateUsingFactoryMethod(ConstructorResolver.java:541) ~[spring-beans-5.3.9.jar:5.3.9]
	at org.springframework.beans.factory.support.AbstractAutowireCapableBeanFactory.instantiateUsingFactoryMethod(AbstractAutowireCapableBeanFactory.java:1334) ~[spring-beans-5.3.9.jar:5.3.9]
	at org.springframework.beans.factory.support.AbstractAutowireCapableBeanFactory.createBeanInstance(AbstractAutowireCapableBeanFactory.java:1177) ~[spring-beans-5.3.9.jar:5.3.9]
	at org.springframework.beans.factory.support.AbstractAutowireCapableBeanFactory.doCreateBean(AbstractAutowireCapableBeanFactory.java:564) ~[spring-beans-5.3.9.jar:5.3.9]
	at org.springframework.beans.factory.support.AbstractAutowireCapableBeanFactory.createBean(AbstractAutowireCapableBeanFactory.java:524) ~[spring-beans-5.3.9.jar:5.3.9]
	at org.springframework.beans.factory.support.AbstractBeanFactory.lambda$doGetBean$0(AbstractBeanFactory.java:335) ~[spring-beans-5.3.9.jar:5.3.9]
	at org.springframework.beans.factory.support.DefaultSingletonBeanRegistry.getSingleton(DefaultSingletonBeanRegistry.java:234) ~[spring-beans-5.3.9.jar:5.3.9]
	at org.springframework.beans.factory.support.AbstractBeanFactory.doGetBean(AbstractBeanFactory.java:333) ~[spring-beans-5.3.9.jar:5.3.9]
	at org.springframework.beans.factory.support.AbstractBeanFactory.getBean(AbstractBeanFactory.java:208) ~[spring-beans-5.3.9.jar:5.3.9]
	at org.springframework.beans.factory.config.DependencyDescriptor.resolveCandidate(DependencyDescriptor.java:276) ~[spring-beans-5.3.9.jar:5.3.9]
	at org.springframework.beans.factory.support.DefaultListableBeanFactory.doResolveDependency(DefaultListableBeanFactory.java:1380) ~[spring-beans-5.3.9.jar:5.3.9]
	at org.springframework.beans.factory.support.DefaultListableBeanFactory.resolveDependency(DefaultListableBeanFactory.java:1300) ~[spring-beans-5.3.9.jar:5.3.9]
	at org.springframework.beans.factory.support.AbstractAutowireCapableBeanFactory.autowireByType(AbstractAutowireCapableBeanFactory.java:1501) ~[spring-beans-5.3.9.jar:5.3.9]
	at org.springframework.beans.factory.support.AbstractAutowireCapableBeanFactory.populateBean(AbstractAutowireCapableBeanFactory.java:1399) ~[spring-beans-5.3.9.jar:5.3.9]
	at org.springframework.beans.factory.support.AbstractAutowireCapableBeanFactory.doCreateBean(AbstractAutowireCapableBeanFactory.java:601) ~[spring-beans-5.3.9.jar:5.3.9]
	at org.springframework.beans.factory.support.AbstractAutowireCapableBeanFactory.createBean(AbstractAutowireCapableBeanFactory.java:524) ~[spring-beans-5.3.9.jar:5.3.9]
	at org.springframework.beans.factory.support.AbstractBeanFactory.lambda$doGetBean$0(AbstractBeanFactory.java:335) ~[spring-beans-5.3.9.jar:5.3.9]
	at org.springframework.beans.factory.support.DefaultSingletonBeanRegistry.getSingleton(DefaultSingletonBeanRegistry.java:234) ~[spring-beans-5.3.9.jar:5.3.9]
	at org.springframework.beans.factory.support.AbstractBeanFactory.doGetBean(AbstractBeanFactory.java:333) ~[spring-beans-5.3.9.jar:5.3.9]
	at org.springframework.beans.factory.support.AbstractBeanFactory.getBean(AbstractBeanFactory.java:208) ~[spring-beans-5.3.9.jar:5.3.9]
	at org.springframework.beans.factory.config.DependencyDescriptor.resolveCandidate(DependencyDescriptor.java:276) ~[spring-beans-5.3.9.jar:5.3.9]
	at org.springframework.beans.factory.support.DefaultListableBeanFactory.doResolveDependency(DefaultListableBeanFactory.java:1380) ~[spring-beans-5.3.9.jar:5.3.9]
	at org.springframework.beans.factory.support.DefaultListableBeanFactory.resolveDependency(DefaultListableBeanFactory.java:1300) ~[spring-beans-5.3.9.jar:5.3.9]
	at org.springframework.beans.factory.annotation.AutowiredAnnotationBeanPostProcessor$AutowiredFieldElement.resolveFieldValue(AutowiredAnnotationBeanPostProcessor.java:657) ~[spring-beans-5.3.9.jar:5.3.9]
	at org.springframework.beans.factory.annotation.AutowiredAnnotationBeanPostProcessor$AutowiredFieldElement.inject(AutowiredAnnotationBeanPostProcessor.java:640) ~[spring-beans-5.3.9.jar:5.3.9]
	at org.springframework.beans.factory.annotation.InjectionMetadata.inject(InjectionMetadata.java:119) ~[spring-beans-5.3.9.jar:5.3.9]
	at org.springframework.beans.factory.annotation.AutowiredAnnotationBeanPostProcessor.postProcessProperties(AutowiredAnnotationBeanPostProcessor.java:399) ~[spring-beans-5.3.9.jar:5.3.9]
	at org.springframework.beans.factory.support.AbstractAutowireCapableBeanFactory.populateBean(AbstractAutowireCapableBeanFactory.java:1413) ~[spring-beans-5.3.9.jar:5.3.9]
	at org.springframework.beans.factory.support.AbstractAutowireCapableBeanFactory.doCreateBean(AbstractAutowireCapableBeanFactory.java:601) ~[spring-beans-5.3.9.jar:5.3.9]
	at org.springframework.beans.factory.support.AbstractAutowireCapableBeanFactory.createBean(AbstractAutowireCapableBeanFactory.java:524) ~[spring-beans-5.3.9.jar:5.3.9]
	at org.springframework.beans.factory.support.AbstractBeanFactory.lambda$doGetBean$0(AbstractBeanFactory.java:335) ~[spring-beans-5.3.9.jar:5.3.9]
	at org.springframework.beans.factory.support.DefaultSingletonBeanRegistry.getSingleton(DefaultSingletonBeanRegistry.java:234) ~[spring-beans-5.3.9.jar:5.3.9]
	at org.springframework.beans.factory.support.AbstractBeanFactory.doGetBean(AbstractBeanFactory.java:333) ~[spring-beans-5.3.9.jar:5.3.9]
	at org.springframework.beans.factory.support.AbstractBeanFactory.getBean(AbstractBeanFactory.java:208) ~[spring-beans-5.3.9.jar:5.3.9]
	at org.springframework.beans.factory.config.DependencyDescriptor.resolveCandidate(DependencyDescriptor.java:276) ~[spring-beans-5.3.9.jar:5.3.9]
	at org.springframework.beans.factory.support.DefaultListableBeanFactory.doResolveDependency(DefaultListableBeanFactory.java:1380) ~[spring-beans-5.3.9.jar:5.3.9]
	at org.springframework.beans.factory.support.DefaultListableBeanFactory.resolveDependency(DefaultListableBeanFactory.java:1300) ~[spring-beans-5.3.9.jar:5.3.9]
	at org.springframework.beans.factory.annotation.AutowiredAnnotationBeanPostProcessor$AutowiredFieldElement.resolveFieldValue(AutowiredAnnotationBeanPostProcessor.java:657) ~[spring-beans-5.3.9.jar:5.3.9]
	at org.springframework.beans.factory.annotation.AutowiredAnnotationBeanPostProcessor$AutowiredFieldElement.inject(AutowiredAnnotationBeanPostProcessor.java:640) ~[spring-beans-5.3.9.jar:5.3.9]
	at org.springframework.beans.factory.annotation.InjectionMetadata.inject(InjectionMetadata.java:119) ~[spring-beans-5.3.9.jar:5.3.9]
	at org.springframework.beans.factory.annotation.AutowiredAnnotationBeanPostProcessor.postProcessProperties(AutowiredAnnotationBeanPostProcessor.java:399) ~[spring-beans-5.3.9.jar:5.3.9]
	at org.springframework.beans.factory.support.AbstractAutowireCapableBeanFactory.populateBean(AbstractAutowireCapableBeanFactory.java:1413) ~[spring-beans-5.3.9.jar:5.3.9]
	at org.springframework.beans.factory.support.AbstractAutowireCapableBeanFactory.doCreateBean(AbstractAutowireCapableBeanFactory.java:601) ~[spring-beans-5.3.9.jar:5.3.9]
	at org.springframework.beans.factory.support.AbstractAutowireCapableBeanFactory.createBean(AbstractAutowireCapableBeanFactory.java:524) ~[spring-beans-5.3.9.jar:5.3.9]
	at org.springframework.beans.factory.support.AbstractBeanFactory.lambda$doGetBean$0(AbstractBeanFactory.java:335) ~[spring-beans-5.3.9.jar:5.3.9]
	at org.springframework.beans.factory.support.DefaultSingletonBeanRegistry.getSingleton(DefaultSingletonBeanRegistry.java:234) [spring-beans-5.3.9.jar:5.3.9]
	at org.springframework.beans.factory.support.AbstractBeanFactory.doGetBean(AbstractBeanFactory.java:333) [spring-beans-5.3.9.jar:5.3.9]
	at org.springframework.beans.factory.support.AbstractBeanFactory.getBean(AbstractBeanFactory.java:208) [spring-beans-5.3.9.jar:5.3.9]
	at org.springframework.beans.factory.support.DefaultListableBeanFactory.preInstantiateSingletons(DefaultListableBeanFactory.java:944) [spring-beans-5.3.9.jar:5.3.9]
	at org.springframework.context.support.AbstractApplicationContext.finishBeanFactoryInitialization(AbstractApplicationContext.java:918) [spring-context-5.3.9.jar:5.3.9]
	at org.springframework.context.support.AbstractApplicationContext.refresh(AbstractApplicationContext.java:583) [spring-context-5.3.9.jar:5.3.9]
	at org.springframework.boot.web.servlet.context.ServletWebServerApplicationContext.refresh(ServletWebServerApplicationContext.java:145) [spring-boot-2.5.3.jar:2.5.3]
	at org.springframework.boot.SpringApplication.refresh(SpringApplication.java:754) [spring-boot-2.5.3.jar:2.5.3]
	at org.springframework.boot.SpringApplication.refreshContext(SpringApplication.java:434) [spring-boot-2.5.3.jar:2.5.3]
	at org.springframework.boot.SpringApplication.run(SpringApplication.java:338) [spring-boot-2.5.3.jar:2.5.3]
	at org.springframework.boot.SpringApplication.run(SpringApplication.java:1343) [spring-boot-2.5.3.jar:2.5.3]
	at org.springframework.boot.SpringApplication.run(SpringApplication.java:1332) [spring-boot-2.5.3.jar:2.5.3]
	at com.workflow.form.center.FormCenterApplication.main(FormCenterApplication.java:12) [classes/:?]
11:04:50.134 [main] INFO  com.alibaba.druid.pool.DruidDataSource - {dataSource-1} inited
11:04:50.134 [Druid-ConnectionPool-Create-1303238288] ERROR com.alibaba.druid.pool.DruidDataSource - create connection SQLException, url: jdbc:p6spy:mysql://localhost:3306/form_center?serverTimezone=CTT&useUnicode=true&characterEncoding=utf-8&allowMultiQueries=true&useSSL=true&nullCatalogMeansCurrent=true, errorCode 0, state null
java.sql.SQLException: Unable to find a driver that accepts jdbc:mysql://localhost:3306/form_center?serverTimezone=CTT&useUnicode=true&characterEncoding=utf-8&allowMultiQueries=true&useSSL=true&nullCatalogMeansCurrent=true
	at com.p6spy.engine.spy.P6SpyDriver.findPassthru(P6SpyDriver.java:131) ~[p6spy-3.8.0.jar:?]
	at com.p6spy.engine.spy.P6SpyDriver.connect(P6SpyDriver.java:87) ~[p6spy-3.8.0.jar:?]
	at com.alibaba.druid.filter.FilterChainImpl.connection_connect(FilterChainImpl.java:156) ~[druid-1.2.6.jar:1.2.6]
	at com.alibaba.druid.filter.stat.StatFilter.connection_connect(StatFilter.java:227) ~[druid-1.2.6.jar:1.2.6]
	at com.alibaba.druid.filter.FilterChainImpl.connection_connect(FilterChainImpl.java:150) ~[druid-1.2.6.jar:1.2.6]
	at com.alibaba.druid.pool.DruidAbstractDataSource.createPhysicalConnection(DruidAbstractDataSource.java:1659) ~[druid-1.2.6.jar:1.2.6]
	at com.alibaba.druid.pool.DruidAbstractDataSource.createPhysicalConnection(DruidAbstractDataSource.java:1723) ~[druid-1.2.6.jar:1.2.6]
	at com.alibaba.druid.pool.DruidDataSource$CreateConnectionThread.run(DruidDataSource.java:2801) [druid-1.2.6.jar:1.2.6]
11:04:50.136 [Druid-ConnectionPool-Create-1303238288] ERROR com.alibaba.druid.pool.DruidDataSource - create connection SQLException, url: jdbc:p6spy:mysql://localhost:3306/form_center?serverTimezone=CTT&useUnicode=true&characterEncoding=utf-8&allowMultiQueries=true&useSSL=true&nullCatalogMeansCurrent=true, errorCode 0, state null
java.sql.SQLException: Unable to find a driver that accepts jdbc:mysql://localhost:3306/form_center?serverTimezone=CTT&useUnicode=true&characterEncoding=utf-8&allowMultiQueries=true&useSSL=true&nullCatalogMeansCurrent=true
	at com.p6spy.engine.spy.P6SpyDriver.findPassthru(P6SpyDriver.java:131) ~[p6spy-3.8.0.jar:?]
	at com.p6spy.engine.spy.P6SpyDriver.connect(P6SpyDriver.java:87) ~[p6spy-3.8.0.jar:?]
	at com.alibaba.druid.filter.FilterChainImpl.connection_connect(FilterChainImpl.java:156) ~[druid-1.2.6.jar:1.2.6]
	at com.alibaba.druid.filter.stat.StatFilter.connection_connect(StatFilter.java:227) ~[druid-1.2.6.jar:1.2.6]
	at com.alibaba.druid.filter.FilterChainImpl.connection_connect(FilterChainImpl.java:150) ~[druid-1.2.6.jar:1.2.6]
	at com.alibaba.druid.pool.DruidAbstractDataSource.createPhysicalConnection(DruidAbstractDataSource.java:1659) ~[druid-1.2.6.jar:1.2.6]
	at com.alibaba.druid.pool.DruidAbstractDataSource.createPhysicalConnection(DruidAbstractDataSource.java:1723) ~[druid-1.2.6.jar:1.2.6]
	at com.alibaba.druid.pool.DruidDataSource$CreateConnectionThread.run(DruidDataSource.java:2801) [druid-1.2.6.jar:1.2.6]
11:04:50.137 [Druid-ConnectionPool-Create-1303238288] INFO  com.alibaba.druid.pool.DruidAbstractDataSource - {dataSource-1} failContinuous is true
11:04:50.143 [main] INFO  org.apache.catalina.core.StandardService - Stopping service [Tomcat]
11:06:33.391 [main] INFO  com.workflow.form.center.FormCenterApplication - Starting FormCenterApplication using Java 1.8.0_251 on LAPTOP-VESM13MU with PID 19096 (D:\work\form-center\target\classes started by 土豆仙人 in D:\work\form-center)
11:06:33.403 [main] INFO  com.workflow.form.center.FormCenterApplication - The following profiles are active: dev
11:06:35.631 [main] INFO  org.apache.coyote.http11.Http11NioProtocol - Initializing ProtocolHandler ["http-nio-7066"]
11:06:35.632 [main] INFO  org.apache.catalina.core.StandardService - Starting service [Tomcat]
11:06:35.632 [main] INFO  org.apache.catalina.core.StandardEngine - Starting Servlet engine: [Apache Tomcat/9.0.50]
11:06:35.790 [main] INFO  org.apache.catalina.core.ContainerBase.[Tomcat].[localhost].[/] - Initializing Spring embedded WebApplicationContext
11:06:36.014 [main] INFO  com.alibaba.druid.spring.boot.autoconfigure.DruidDataSourceAutoConfigure - Init DruidDataSource
11:06:36.554 [main] INFO  p6spy - 1627527996554|23|statement|connection 0|url jdbc:p6spy:mysql://localhost:3306/form_center?serverTimezone=CTT&useUnicode=true&characterEncoding=utf-8&allowMultiQueries=true&useSSL=true&nullCatalogMeansCurrent=true|SELECT 1 FROM DUAL|SELECT 1 FROM DUAL
11:06:36.581 [main] INFO  com.alibaba.druid.pool.DruidDataSource - {dataSource-1} inited
11:06:36.604 [main] WARN  com.baomidou.mybatisplus.extension.spring.MybatisSqlSessionFactoryBean - Can't find class in '[com.workflow.process.center.common.enums.entity]' package. Please check your configuration.
11:06:36.690 [main] WARN  com.baomidou.mybatisplus.core.metadata.TableInfoHelper - This "id" is the table primary key by @TableId annotation in Class: "com.workflow.form.center.domain.entity.WorkFlowFormCategory",So @TableField annotation will not work!
11:06:36.782 [main] WARN  com.baomidou.mybatisplus.core.metadata.TableInfoHelper - Can not find table primary key in Class: "com.workflow.form.center.domain.entity.WorkFlowFormModelInfo".
11:06:36.828 [main] WARN  com.baomidou.mybatisplus.core.metadata.TableInfoHelper - Can not find table primary key in Class: "com.workflow.form.center.domain.entity.WorkFlowFormModel".
11:06:40.312 [main] INFO  org.mongodb.driver.cluster - Cluster created with settings {hosts=[localhost:27017], mode=SINGLE, requiredClusterType=UNKNOWN, serverSelectionTimeout='30000 ms'}
11:06:41.680 [main] INFO  org.reflections.Reflections - Reflections took 46 ms to scan 1 urls, producing 3 keys and 6 values 
11:06:41.721 [main] INFO  org.reflections.Reflections - Reflections took 20 ms to scan 1 urls, producing 4 keys and 9 values 
11:06:41.742 [main] INFO  org.reflections.Reflections - Reflections took 16 ms to scan 1 urls, producing 3 keys and 10 values 
11:06:41.899 [main] INFO  org.reflections.Reflections - Reflections took 153 ms to scan 154 urls, producing 0 keys and 0 values 
11:06:41.913 [main] INFO  org.reflections.Reflections - Reflections took 14 ms to scan 1 urls, producing 1 keys and 5 values 
11:06:41.930 [main] INFO  org.reflections.Reflections - Reflections took 15 ms to scan 1 urls, producing 1 keys and 7 values 
11:06:41.946 [main] INFO  org.reflections.Reflections - Reflections took 14 ms to scan 1 urls, producing 2 keys and 8 values 
11:06:42.106 [main] INFO  org.reflections.Reflections - Reflections took 157 ms to scan 154 urls, producing 0 keys and 0 values 
11:06:42.393 [cluster-ClusterId{value='61021b407a3a3b4e249d262f', description='null'}-localhost:27017] INFO  org.mongodb.driver.cluster - Exception in monitor thread while connecting to server localhost:27017
com.mongodb.MongoSocketOpenException: Exception opening socket
	at com.mongodb.internal.connection.SocketStream.open(SocketStream.java:70) ~[mongodb-driver-core-4.2.3.jar:?]
	at com.mongodb.internal.connection.InternalStreamConnection.open(InternalStreamConnection.java:143) ~[mongodb-driver-core-4.2.3.jar:?]
	at com.mongodb.internal.connection.DefaultServerMonitor$ServerMonitorRunnable.lookupServerDescription(DefaultServerMonitor.java:188) [mongodb-driver-core-4.2.3.jar:?]
	at com.mongodb.internal.connection.DefaultServerMonitor$ServerMonitorRunnable.run(DefaultServerMonitor.java:144) [mongodb-driver-core-4.2.3.jar:?]
	at java.lang.Thread.run(Thread.java:748) [?:1.8.0_251]
Caused by: java.net.ConnectException: Connection refused: connect
	at java.net.DualStackPlainSocketImpl.waitForConnect(Native Method) ~[?:1.8.0_251]
	at java.net.DualStackPlainSocketImpl.socketConnect(DualStackPlainSocketImpl.java:85) ~[?:1.8.0_251]
	at java.net.AbstractPlainSocketImpl.doConnect(AbstractPlainSocketImpl.java:350) ~[?:1.8.0_251]
	at java.net.AbstractPlainSocketImpl.connectToAddress(AbstractPlainSocketImpl.java:206) ~[?:1.8.0_251]
	at java.net.AbstractPlainSocketImpl.connect(AbstractPlainSocketImpl.java:188) ~[?:1.8.0_251]
	at java.net.PlainSocketImpl.connect(PlainSocketImpl.java:172) ~[?:1.8.0_251]
	at java.net.SocksSocketImpl.connect(SocksSocketImpl.java:392) ~[?:1.8.0_251]
	at java.net.Socket.connect(Socket.java:606) ~[?:1.8.0_251]
	at com.mongodb.internal.connection.SocketStreamHelper.initialize(SocketStreamHelper.java:107) ~[mongodb-driver-core-4.2.3.jar:?]
	at com.mongodb.internal.connection.SocketStream.initializeSocket(SocketStream.java:79) ~[mongodb-driver-core-4.2.3.jar:?]
	at com.mongodb.internal.connection.SocketStream.open(SocketStream.java:65) ~[mongodb-driver-core-4.2.3.jar:?]
	... 4 more
11:06:44.100 [main] INFO  org.apache.coyote.http11.Http11NioProtocol - Starting ProtocolHandler ["http-nio-7066"]
11:06:44.137 [main] INFO  com.alibaba.cloud.nacos.registry.NacosServiceRegistry - nacos registry, DEFAULT_GROUP form-center 10.10.71.70:7066 register finished
11:06:44.920 [main] INFO  com.workflow.form.center.FormCenterApplication - Started FormCenterApplication in 13.104 seconds (JVM running for 16.52)
11:07:23.471 [main] INFO  com.workflow.form.center.FormCenterApplication - Starting FormCenterApplication using Java 1.8.0_251 on LAPTOP-VESM13MU with PID 22780 (D:\work\form-center\target\classes started by 土豆仙人 in D:\work\form-center)
11:07:23.479 [main] INFO  com.workflow.form.center.FormCenterApplication - The following profiles are active: dev
11:07:25.529 [main] INFO  org.apache.coyote.http11.Http11NioProtocol - Initializing ProtocolHandler ["http-nio-7066"]
11:07:25.530 [main] INFO  org.apache.catalina.core.StandardService - Starting service [Tomcat]
11:07:25.530 [main] INFO  org.apache.catalina.core.StandardEngine - Starting Servlet engine: [Apache Tomcat/9.0.50]
11:07:25.710 [main] INFO  org.apache.catalina.core.ContainerBase.[Tomcat].[localhost].[/] - Initializing Spring embedded WebApplicationContext
11:07:25.937 [main] INFO  com.alibaba.druid.spring.boot.autoconfigure.DruidDataSourceAutoConfigure - Init DruidDataSource
11:07:26.495 [main] INFO  p6spy - 2021-07-29 11:07:26 | 耗时 21 ms | SQL 语句：
SELECT 1 FROM DUAL;
11:07:26.523 [main] INFO  com.alibaba.druid.pool.DruidDataSource - {dataSource-1} inited
11:07:26.549 [main] WARN  com.baomidou.mybatisplus.extension.spring.MybatisSqlSessionFactoryBean - Can't find class in '[com.workflow.process.center.common.enums.entity]' package. Please check your configuration.
11:07:26.649 [main] WARN  com.baomidou.mybatisplus.core.metadata.TableInfoHelper - This "id" is the table primary key by @TableId annotation in Class: "com.workflow.form.center.domain.entity.WorkFlowFormCategory",So @TableField annotation will not work!
11:07:26.759 [main] WARN  com.baomidou.mybatisplus.core.metadata.TableInfoHelper - Can not find table primary key in Class: "com.workflow.form.center.domain.entity.WorkFlowFormModelInfo".
11:07:26.802 [main] WARN  com.baomidou.mybatisplus.core.metadata.TableInfoHelper - Can not find table primary key in Class: "com.workflow.form.center.domain.entity.WorkFlowFormModel".
11:07:29.115 [main] INFO  org.mongodb.driver.cluster - Cluster created with settings {hosts=[localhost:27017], mode=SINGLE, requiredClusterType=UNKNOWN, serverSelectionTimeout='30000 ms'}
11:07:30.292 [main] INFO  org.reflections.Reflections - Reflections took 37 ms to scan 1 urls, producing 3 keys and 6 values 
11:07:30.329 [main] INFO  org.reflections.Reflections - Reflections took 19 ms to scan 1 urls, producing 4 keys and 9 values 
11:07:30.347 [main] INFO  org.reflections.Reflections - Reflections took 15 ms to scan 1 urls, producing 3 keys and 10 values 
11:07:30.507 [main] INFO  org.reflections.Reflections - Reflections took 157 ms to scan 154 urls, producing 0 keys and 0 values 
11:07:30.523 [main] INFO  org.reflections.Reflections - Reflections took 15 ms to scan 1 urls, producing 1 keys and 5 values 
11:07:30.541 [main] INFO  org.reflections.Reflections - Reflections took 15 ms to scan 1 urls, producing 1 keys and 7 values 
11:07:30.563 [main] INFO  org.reflections.Reflections - Reflections took 17 ms to scan 1 urls, producing 2 keys and 8 values 
11:07:30.722 [main] INFO  org.reflections.Reflections - Reflections took 156 ms to scan 154 urls, producing 0 keys and 0 values 
11:07:31.178 [cluster-ClusterId{value='61021b716d74c26db0cf8764', description='null'}-localhost:27017] INFO  org.mongodb.driver.cluster - Exception in monitor thread while connecting to server localhost:27017
com.mongodb.MongoSocketOpenException: Exception opening socket
	at com.mongodb.internal.connection.SocketStream.open(SocketStream.java:70) ~[mongodb-driver-core-4.2.3.jar:?]
	at com.mongodb.internal.connection.InternalStreamConnection.open(InternalStreamConnection.java:143) ~[mongodb-driver-core-4.2.3.jar:?]
	at com.mongodb.internal.connection.DefaultServerMonitor$ServerMonitorRunnable.lookupServerDescription(DefaultServerMonitor.java:188) [mongodb-driver-core-4.2.3.jar:?]
	at com.mongodb.internal.connection.DefaultServerMonitor$ServerMonitorRunnable.run(DefaultServerMonitor.java:144) [mongodb-driver-core-4.2.3.jar:?]
	at java.lang.Thread.run(Thread.java:748) [?:1.8.0_251]
Caused by: java.net.ConnectException: Connection refused: connect
	at java.net.DualStackPlainSocketImpl.waitForConnect(Native Method) ~[?:1.8.0_251]
	at java.net.DualStackPlainSocketImpl.socketConnect(DualStackPlainSocketImpl.java:85) ~[?:1.8.0_251]
	at java.net.AbstractPlainSocketImpl.doConnect(AbstractPlainSocketImpl.java:350) ~[?:1.8.0_251]
	at java.net.AbstractPlainSocketImpl.connectToAddress(AbstractPlainSocketImpl.java:206) ~[?:1.8.0_251]
	at java.net.AbstractPlainSocketImpl.connect(AbstractPlainSocketImpl.java:188) ~[?:1.8.0_251]
	at java.net.PlainSocketImpl.connect(PlainSocketImpl.java:172) ~[?:1.8.0_251]
	at java.net.SocksSocketImpl.connect(SocksSocketImpl.java:392) ~[?:1.8.0_251]
	at java.net.Socket.connect(Socket.java:606) ~[?:1.8.0_251]
	at com.mongodb.internal.connection.SocketStreamHelper.initialize(SocketStreamHelper.java:107) ~[mongodb-driver-core-4.2.3.jar:?]
	at com.mongodb.internal.connection.SocketStream.initializeSocket(SocketStream.java:79) ~[mongodb-driver-core-4.2.3.jar:?]
	at com.mongodb.internal.connection.SocketStream.open(SocketStream.java:65) ~[mongodb-driver-core-4.2.3.jar:?]
	... 4 more
11:07:32.643 [main] INFO  org.apache.coyote.http11.Http11NioProtocol - Starting ProtocolHandler ["http-nio-7066"]
11:07:32.674 [main] INFO  com.alibaba.cloud.nacos.registry.NacosServiceRegistry - nacos registry, DEFAULT_GROUP form-center 10.10.71.70:7066 register finished
11:07:33.680 [main] INFO  com.workflow.form.center.FormCenterApplication - Started FormCenterApplication in 11.083 seconds (JVM running for 12.463)
11:08:10.010 [main] INFO  com.workflow.form.center.FormCenterApplication - Starting FormCenterApplication using Java 1.8.0_251 on LAPTOP-VESM13MU with PID 21788 (D:\work\form-center\target\classes started by 土豆仙人 in D:\work\form-center)
11:08:10.020 [main] INFO  com.workflow.form.center.FormCenterApplication - The following profiles are active: dev
11:08:12.108 [main] INFO  org.apache.coyote.http11.Http11NioProtocol - Initializing ProtocolHandler ["http-nio-7066"]
11:08:12.109 [main] INFO  org.apache.catalina.core.StandardService - Starting service [Tomcat]
11:08:12.109 [main] INFO  org.apache.catalina.core.StandardEngine - Starting Servlet engine: [Apache Tomcat/9.0.50]
11:08:12.308 [main] INFO  org.apache.catalina.core.ContainerBase.[Tomcat].[localhost].[/] - Initializing Spring embedded WebApplicationContext
11:08:12.533 [main] INFO  com.alibaba.druid.spring.boot.autoconfigure.DruidDataSourceAutoConfigure - Init DruidDataSource
11:08:13.019 [main] INFO  p6spy - 2021-07-29 11:08:13 | 耗时 22 ms | SQL 语句：
SELECT 1 FROM DUAL;
11:08:13.045 [main] INFO  com.alibaba.druid.pool.DruidDataSource - {dataSource-1} inited
11:08:13.068 [main] WARN  com.baomidou.mybatisplus.extension.spring.MybatisSqlSessionFactoryBean - Can't find class in '[com.workflow.process.center.common.enums.entity]' package. Please check your configuration.
11:08:13.153 [main] WARN  com.baomidou.mybatisplus.core.metadata.TableInfoHelper - This "id" is the table primary key by @TableId annotation in Class: "com.workflow.form.center.domain.entity.WorkFlowFormCategory",So @TableField annotation will not work!
11:08:13.246 [main] WARN  com.baomidou.mybatisplus.core.metadata.TableInfoHelper - Can not find table primary key in Class: "com.workflow.form.center.domain.entity.WorkFlowFormModelInfo".
11:08:13.309 [main] WARN  com.baomidou.mybatisplus.core.metadata.TableInfoHelper - Can not find table primary key in Class: "com.workflow.form.center.domain.entity.WorkFlowFormModel".
11:08:15.461 [main] INFO  org.mongodb.driver.cluster - Cluster created with settings {hosts=[localhost:27017], mode=SINGLE, requiredClusterType=UNKNOWN, serverSelectionTimeout='30000 ms'}
11:08:16.617 [main] INFO  org.reflections.Reflections - Reflections took 37 ms to scan 1 urls, producing 3 keys and 6 values 
11:08:16.658 [main] INFO  org.reflections.Reflections - Reflections took 19 ms to scan 1 urls, producing 4 keys and 9 values 
11:08:16.679 [main] INFO  org.reflections.Reflections - Reflections took 17 ms to scan 1 urls, producing 3 keys and 10 values 
11:08:16.841 [main] INFO  org.reflections.Reflections - Reflections took 159 ms to scan 154 urls, producing 0 keys and 0 values 
11:08:16.854 [main] INFO  org.reflections.Reflections - Reflections took 13 ms to scan 1 urls, producing 1 keys and 5 values 
11:08:16.875 [main] INFO  org.reflections.Reflections - Reflections took 18 ms to scan 1 urls, producing 1 keys and 7 values 
11:08:16.892 [main] INFO  org.reflections.Reflections - Reflections took 14 ms to scan 1 urls, producing 2 keys and 8 values 
11:08:17.056 [main] INFO  org.reflections.Reflections - Reflections took 161 ms to scan 154 urls, producing 0 keys and 0 values 
11:08:17.517 [cluster-ClusterId{value='61021b9fea229b59eff869ef', description='null'}-localhost:27017] INFO  org.mongodb.driver.cluster - Exception in monitor thread while connecting to server localhost:27017
com.mongodb.MongoSocketOpenException: Exception opening socket
	at com.mongodb.internal.connection.SocketStream.open(SocketStream.java:70) ~[mongodb-driver-core-4.2.3.jar:?]
	at com.mongodb.internal.connection.InternalStreamConnection.open(InternalStreamConnection.java:143) ~[mongodb-driver-core-4.2.3.jar:?]
	at com.mongodb.internal.connection.DefaultServerMonitor$ServerMonitorRunnable.lookupServerDescription(DefaultServerMonitor.java:188) [mongodb-driver-core-4.2.3.jar:?]
	at com.mongodb.internal.connection.DefaultServerMonitor$ServerMonitorRunnable.run(DefaultServerMonitor.java:144) [mongodb-driver-core-4.2.3.jar:?]
	at java.lang.Thread.run(Thread.java:748) [?:1.8.0_251]
Caused by: java.net.ConnectException: Connection refused: connect
	at java.net.DualStackPlainSocketImpl.waitForConnect(Native Method) ~[?:1.8.0_251]
	at java.net.DualStackPlainSocketImpl.socketConnect(DualStackPlainSocketImpl.java:85) ~[?:1.8.0_251]
	at java.net.AbstractPlainSocketImpl.doConnect(AbstractPlainSocketImpl.java:350) ~[?:1.8.0_251]
	at java.net.AbstractPlainSocketImpl.connectToAddress(AbstractPlainSocketImpl.java:206) ~[?:1.8.0_251]
	at java.net.AbstractPlainSocketImpl.connect(AbstractPlainSocketImpl.java:188) ~[?:1.8.0_251]
	at java.net.PlainSocketImpl.connect(PlainSocketImpl.java:172) ~[?:1.8.0_251]
	at java.net.SocksSocketImpl.connect(SocksSocketImpl.java:392) ~[?:1.8.0_251]
	at java.net.Socket.connect(Socket.java:606) ~[?:1.8.0_251]
	at com.mongodb.internal.connection.SocketStreamHelper.initialize(SocketStreamHelper.java:107) ~[mongodb-driver-core-4.2.3.jar:?]
	at com.mongodb.internal.connection.SocketStream.initializeSocket(SocketStream.java:79) ~[mongodb-driver-core-4.2.3.jar:?]
	at com.mongodb.internal.connection.SocketStream.open(SocketStream.java:65) ~[mongodb-driver-core-4.2.3.jar:?]
	... 4 more
11:08:19.072 [main] INFO  org.apache.coyote.http11.Http11NioProtocol - Starting ProtocolHandler ["http-nio-7066"]
11:08:19.126 [main] INFO  com.alibaba.cloud.nacos.registry.NacosServiceRegistry - nacos registry, DEFAULT_GROUP form-center 10.10.71.70:7066 register finished
11:08:20.212 [main] INFO  com.workflow.form.center.FormCenterApplication - Started FormCenterApplication in 11.644 seconds (JVM running for 13.462)
11:08:53.117 [main] INFO  com.workflow.form.center.FormCenterApplication - Starting FormCenterApplication using Java 1.8.0_251 on LAPTOP-VESM13MU with PID 25724 (D:\work\form-center\target\classes started by 土豆仙人 in D:\work\form-center)
11:08:53.127 [main] INFO  com.workflow.form.center.FormCenterApplication - The following profiles are active: dev
11:08:55.021 [main] INFO  org.apache.coyote.http11.Http11NioProtocol - Initializing ProtocolHandler ["http-nio-7066"]
11:08:55.021 [main] INFO  org.apache.catalina.core.StandardService - Starting service [Tomcat]
11:08:55.022 [main] INFO  org.apache.catalina.core.StandardEngine - Starting Servlet engine: [Apache Tomcat/9.0.50]
11:08:55.182 [main] INFO  org.apache.catalina.core.ContainerBase.[Tomcat].[localhost].[/] - Initializing Spring embedded WebApplicationContext
11:08:55.387 [main] INFO  com.alibaba.druid.spring.boot.autoconfigure.DruidDataSourceAutoConfigure - Init DruidDataSource
11:08:55.841 [main] INFO  p6spy - 2021-07-29 11:08:55 | 耗时 26 ms | SQL 语句：
SELECT 1 FROM DUAL;
11:08:55.870 [main] INFO  com.alibaba.druid.pool.DruidDataSource - {dataSource-1} inited
11:08:55.893 [main] WARN  com.baomidou.mybatisplus.extension.spring.MybatisSqlSessionFactoryBean - Can't find class in '[com.workflow.process.center.common.enums.entity]' package. Please check your configuration.
11:08:55.974 [main] WARN  com.baomidou.mybatisplus.core.metadata.TableInfoHelper - This "id" is the table primary key by @TableId annotation in Class: "com.workflow.form.center.domain.entity.WorkFlowFormCategory",So @TableField annotation will not work!
11:08:56.054 [main] WARN  com.baomidou.mybatisplus.core.metadata.TableInfoHelper - Can not find table primary key in Class: "com.workflow.form.center.domain.entity.WorkFlowFormModelInfo".
11:08:56.094 [main] WARN  com.baomidou.mybatisplus.core.metadata.TableInfoHelper - Can not find table primary key in Class: "com.workflow.form.center.domain.entity.WorkFlowFormModel".
11:08:58.870 [main] INFO  org.reflections.Reflections - Reflections took 34 ms to scan 1 urls, producing 3 keys and 6 values 
11:08:58.906 [main] INFO  org.reflections.Reflections - Reflections took 19 ms to scan 1 urls, producing 4 keys and 9 values 
11:08:58.926 [main] INFO  org.reflections.Reflections - Reflections took 17 ms to scan 1 urls, producing 3 keys and 10 values 
11:08:59.069 [main] INFO  org.reflections.Reflections - Reflections took 140 ms to scan 149 urls, producing 0 keys and 0 values 
11:08:59.084 [main] INFO  org.reflections.Reflections - Reflections took 15 ms to scan 1 urls, producing 1 keys and 5 values 
11:08:59.099 [main] INFO  org.reflections.Reflections - Reflections took 13 ms to scan 1 urls, producing 1 keys and 7 values 
11:08:59.114 [main] INFO  org.reflections.Reflections - Reflections took 12 ms to scan 1 urls, producing 2 keys and 8 values 
11:08:59.271 [main] INFO  org.reflections.Reflections - Reflections took 153 ms to scan 149 urls, producing 0 keys and 0 values 
11:09:01.315 [main] INFO  org.apache.coyote.http11.Http11NioProtocol - Starting ProtocolHandler ["http-nio-7066"]
11:09:01.348 [main] INFO  com.alibaba.cloud.nacos.registry.NacosServiceRegistry - nacos registry, DEFAULT_GROUP form-center 10.10.71.70:7066 register finished
11:09:02.126 [main] INFO  com.workflow.form.center.FormCenterApplication - Started FormCenterApplication in 10.329 seconds (JVM running for 12.721)
